1672897315747	geckodriver	INFO	Listening on 127.0.0.1:4304
1672897318800	mozrunner::runner	INFO	Running command: "C:\\Program Files\\Mozilla Firefox\\firefox.exe" "--marionette" "--remote-debugging-port" "4305" "--remote-allow-hosts" "localhost" "-no-remote" "-profile" "C:\\Users\\S\\AppData\\Local\\Temp\\rust_mozprofile57ZmyE"
1672897319186	Marionette	INFO	Marionette enabled
1672897319193	Marionette	INFO	Listening on port 4315
Read port: 4315
WebDriver BiDi listening on ws://127.0.0.1:4305
1672897319339	RemoteAgent	WARN	TLS certificate errors will be ignored for this session
console.warn: SearchSettings: "get: No settings file exists, new profile?" (new NotFoundError("Could not open the file at C:\\Users\\S\\AppData\\Local\\Temp\\rust_mozprofile57ZmyE\\search.json.mozlz4", (void 0)))
DevTools listening on ws://127.0.0.1:4305/devtools/browser/2351d172-792e-48bb-b8b3-b82de18dbb76
1672897351703	Marionette	INFO	Stopped listening on port 4315
console.warn: TopSitesFeed: Failed to fetch data from Contile server: NetworkError when attempting to fetch resource.
WARNING: A blocker encountered an error while we were waiting.
          Blocker:  Waiting for ping task
          Phase: TelemetryController: Waiting for pending ping activity
          State: (none)
WARNING: Error: Phase "profile-before-change" is finished, it is too late to register completion condition "OS.File: flush I/O queued before profileBeforeChange"
WARNING: addBlocker@resource://gre/modules/AsyncShutdown.jsm:703:15
addBlocker@resource://gre/modules/AsyncShutdown.jsm:511:26
addBlocker@resource://gre/modules/AsyncShutdown.jsm:450:15
setupShutdown@resource://gre/modules/osfile/osfile_async_front.jsm:1563:28
@resource://gre/modules/osfile/osfile_async_front.jsm:1583:16
@resource://gre/modules/osfile.jsm:12:30
@resource://gre/modules/TelemetryStorage.jsm:19:28
promiseArchivePing@resource://gre/modules/TelemetryArchive.jsm:103:5
promiseArchivePing@resource://gre/modules/TelemetryArchive.jsm:63:33
_submitPingLogic@resource://gre/modules/TelemetryControllerParent.jsm:540:48
send@resource://gre/modules/TelemetryControllerParent.jsm:628:24
submitExternalPing@resource://gre/modules/TelemetryControllerParent.jsm:182:17
sendPing@resource://gre/modules/EventPing.jsm:51:30
_submitPing@resource://gre/modules/EventPing.jsm:229:12
shutdown@resource://gre/modules/EventPing.jsm:112:10
_cleanupOnShutdown@resource://gre/modules/TelemetryControllerParent.jsm:940:31
shutdown/<@resource://gre/modules/TelemetryControllerParent.jsm:1010:24
observe@resource://gre/modules/AsyncShutdown.jsm:560:16

WARNING: A blocker encountered an error while we were waiting.
          Blocker:  Waiting for ping task
          Phase: TelemetryController: Waiting for pending ping activity
          State: (none)
WARNING: Error: Phase "profile-before-change" is finished, it is too late to register completion condition "OS.File: flush I/O queued before profileBeforeChange"
WARNING: addBlocker@resource://gre/modules/AsyncShutdown.jsm:703:15
addBlocker@resource://gre/modules/AsyncShutdown.jsm:511:26
addBlocker@resource://gre/modules/AsyncShutdown.jsm:450:15
setupShutdown@resource://gre/modules/osfile/osfile_async_front.jsm:1563:28
@resource://gre/modules/osfile/osfile_async_front.jsm:1583:16
@resource://gre/modules/osfile.jsm:12:30
@resource://gre/modules/TelemetryStorage.jsm:19:28
promiseArchivePing@resource://gre/modules/TelemetryArchive.jsm:103:5
promiseArchivePing@resource://gre/modules/TelemetryArchive.jsm:63:33
_submitPingLogic@resource://gre/modules/TelemetryControllerParent.jsm:540:48
send@resource://gre/modules/TelemetryControllerParent.jsm:628:24
submitExternalPing@resource://gre/modules/TelemetryControllerParent.jsm:182:17
saveShutdownPings@resource://gre/modules/TelemetrySession.jsm:982:34
shutdownChromeProcess/cleanup/<@resource://gre/modules/TelemetrySession.jsm:1232:20
cleanup@resource://gre/modules/TelemetrySession.jsm:1239:9
shutdownChromeProcess@resource://gre/modules/TelemetrySession.jsm:1256:14
shutdown@resource://gre/modules/TelemetrySession.jsm:247:17
_cleanupOnShutdown@resource://gre/modules/TelemetryControllerParent.jsm:959:35
observe@resource://gre/modules/AsyncShutdown.jsm:560:16

WARNING: A blocker encountered an error while we were waiting.
          Blocker:  Waiting for ping task
          Phase: TelemetryController: Waiting for pending ping activity
          State: (none)
WARNING: Error: Phase "profile-before-change" is finished, it is too late to register completion condition "OS.File: flush I/O queued before profileBeforeChange"
WARNING: addBlocker@resource://gre/modules/AsyncShutdown.jsm:703:15
addBlocker@resource://gre/modules/AsyncShutdown.jsm:511:26
addBlocker@resource://gre/modules/AsyncShutdown.jsm:450:15
setupShutdown@resource://gre/modules/osfile/osfile_async_front.jsm:1563:28
@resource://gre/modules/osfile/osfile_async_front.jsm:1583:16
@resource://gre/modules/osfile.jsm:12:30
@resource://gre/modules/TelemetryStorage.jsm:19:28
promiseArchivePing@resource://gre/modules/TelemetryArchive.jsm:103:5
promiseArchivePing@resource://gre/modules/TelemetryArchive.jsm:63:33
_submitPingLogic@resource://gre/modules/TelemetryControllerParent.jsm:540:48
send@resource://gre/modules/TelemetryControllerParent.jsm:628:24
submitExternalPing@resource://gre/modules/TelemetryControllerParent.jsm:182:17
saveShutdownPings@resource://gre/modules/TelemetrySession.jsm:1014:36
shutdownChromeProcess/cleanup/<@resource://gre/modules/TelemetrySession.jsm:1232:20
cleanup@resource://gre/modules/TelemetrySession.jsm:1239:9
shutdownChromeProcess@resource://gre/modules/TelemetrySession.jsm:1256:14
shutdown@resource://gre/modules/TelemetrySession.jsm:247:17
_cleanupOnShutdown@resource://gre/modules/TelemetryControllerParent.jsm:959:35
observe@resource://gre/modules/AsyncShutdown.jsm:560:16

WARNING: A blocker encountered an error while we were waiting.
          Blocker:  TelemetryController: shutting down
          Phase: profile-before-change-telemetry
          State: Error getting state: Error: Phase "profile-before-change" is finished, it is too late to register completion condition "OS.File: flush I/O queued before profileBeforeChange" at addBlocker@resource://gre/modules/AsyncShutdown.jsm:703:15
addBlocker@resource://gre/modules/AsyncShutdown.jsm:511:26
addBlocker@resource://gre/modules/AsyncShutdown.jsm:450:15
setupShutdown@resource://gre/modules/osfile/osfile_async_front.jsm:1563:28
@resource://gre/modules/osfile/osfile_async_front.jsm:1583:16
@resource://gre/modules/osfile.jsm:12:30
@resource://gre/modules/TelemetryStorage.jsm:19:28
getShutdownState@resource://gre/modules/TelemetrySend.jsm:1687:7
getShutdownState@resource://gre/modules/TelemetrySend.jsm:369:30
_getState@resource://gre/modules/TelemetryControllerParent.jsm:1058:38
setupTelemetry/<@resource://gre/modules/TelemetryControllerParent.jsm:917:18
safeGetState@resource://gre/modules/AsyncShutdown.jsm:242:17
Barrier/addBlocker/promise<@resource://gre/modules/AsyncShutdown.jsm:751:20
observe@resource://gre/modules/AsyncShutdown.jsm:560:16

WARNING: Error: Phase "profile-before-change" is finished, it is too late to register completion condition "OS.File: flush I/O queued before profileBeforeChange"
WARNING: addBlocker@resource://gre/modules/AsyncShutdown.jsm:703:15
addBlocker@resource://gre/modules/AsyncShutdown.jsm:511:26
addBlocker@resource://gre/modules/AsyncShutdown.jsm:450:15
setupShutdown@resource://gre/modules/osfile/osfile_async_front.jsm:1563:28
@resource://gre/modules/osfile/osfile_async_front.jsm:1583:16
@resource://gre/modules/osfile.jsm:12:30
@resource://gre/modules/TelemetryStorage.jsm:19:28
removeAbortedSessionPing@resource://gre/modules/TelemetryControllerParent.jsm:721:5
removeAbortedSessionPing@resource://gre/modules/TelemetryControllerParent.jsm:249:17
shutdownChromeProcess/cleanup/<@resource://gre/modules/TelemetrySession.jsm:1235:42
observe@resource://gre/modules/AsyncShutdown.jsm:560:16

JavaScript error: resource://gre/modules/AsyncShutdown.jsm, line 703: Error: Phase "profile-before-change" is finished, it is too late to register completion condition "OS.File: flush I/O queued before profileBeforeChange"
JavaScript error: resource://gre/modules/AsyncShutdown.jsm, line 703: Error: Phase "profile-before-change" is finished, it is too late to register completion condition "OS.File: flush I/O queued before profileBeforeChange"
JavaScript error: resource://gre/modules/AsyncShutdown.jsm, line 703: Error: Phase "profile-before-change" is finished, it is too late to register completion condition "OS.File: flush I/O queued before profileBeforeChange"
JavaScript error: resource://gre/modules/AsyncShutdown.jsm, line 703: Error: Phase "profile-before-change" is finished, it is too late to register completion condition "OS.File: flush I/O queued before profileBeforeChange"
JavaScript error: resource://gre/modules/AsyncShutdown.jsm, line 703: Error: Phase "profile-before-change" is finished, it is too late to register completion condition "OS.File: flush I/O queued before profileBeforeChange"
JavaScript error: resource://gre/modules/AsyncShutdown.jsm, line 703: Error: Phase "profile-before-change" is finished, it is too late to register completion condition "OS.File: flush I/O queued before profileBeforeChange"
1672897415834	geckodriver	INFO	Listening on 127.0.0.1:4403
1672897418898	mozrunner::runner	INFO	Running command: "C:\\Program Files\\Mozilla Firefox\\firefox.exe" "--marionette" "--remote-debugging-port" "4404" "--remote-allow-hosts" "localhost" "-no-remote" "-profile" "C:\\Users\\S\\AppData\\Local\\Temp\\rust_mozprofile0rVbrv"
1672897419298	Marionette	INFO	Marionette enabled
1672897419305	Marionette	INFO	Listening on port 4414
Read port: 4414
WebDriver BiDi listening on ws://127.0.0.1:4404
1672897419439	RemoteAgent	WARN	TLS certificate errors will be ignored for this session
console.warn: SearchSettings: "get: No settings file exists, new profile?" (new NotFoundError("Could not open the file at C:\\Users\\S\\AppData\\Local\\Temp\\rust_mozprofile0rVbrv\\search.json.mozlz4", (void 0)))
DevTools listening on ws://127.0.0.1:4404/devtools/browser/b55a8736-47f5-403a-babc-c803f098ad7a
1672897491494	Marionette	INFO	Stopped listening on port 4414
console.warn: TopSitesFeed: Failed to fetch data from Contile server: NetworkError when attempting to fetch resource.
